[debug] [2023-02-03T01:48:42.699Z] ----------------------------------------------------------------------
[debug] [2023-02-03T01:48:42.701Z] Command:       C:\Program Files\nodejs\node.exe C:\Users\Diogo\AppData\Roaming\npm\node_modules\firebase-tools\lib\bin\firebase.js init
[debug] [2023-02-03T01:48:42.702Z] CLI Version:   11.22.0
[debug] [2023-02-03T01:48:42.702Z] Platform:      win32
[debug] [2023-02-03T01:48:42.702Z] Node Version:  v16.15.1
[debug] [2023-02-03T01:48:42.703Z] Time:          Thu Feb 02 2023 22:48:42 GMT-0300 (Horário Padrão de Brasília)
[debug] [2023-02-03T01:48:42.704Z] ----------------------------------------------------------------------
[debug] 
[debug] [2023-02-03T01:48:42.788Z] > command requires scopes: ["email","openid","https://www.googleapis.com/auth/cloudplatformprojects.readonly","https://www.googleapis.com/auth/firebase","https://www.googleapis.com/auth/cloud-platform"]
[debug] [2023-02-03T01:48:42.788Z] > authorizing via signed-in user (diogoprog21@gmail.com)
[info] 
     ######## #### ########  ######## ########     ###     ######  ########
     ##        ##  ##     ## ##       ##     ##  ##   ##  ##       ##
     ######    ##  ########  ######   ########  #########  ######  ######
     ##        ##  ##    ##  ##       ##     ## ##     ##       ## ##
     ##       #### ##     ## ######## ########  ##     ##  ######  ########

You're about to initialize a Firebase project in this directory:

  F:\web\ad\ad

Before we get started, keep in mind:

  * You are initializing within an existing Firebase project directory

[info] 
=== Project Setup
[info] 
[info] First, let's associate this project directory with a Firebase project.
[info] You can create multiple project aliases by running firebase use --add, 
[info] but for now we'll just set up a default project.
[info] 
[debug] [2023-02-03T01:48:51.166Z] Using project from CLI flag: agencia-ad
[debug] [2023-02-03T01:48:51.168Z] >>> [apiv2][query] GET https://firebase.googleapis.com/v1beta1/projects/agencia-ad [none]
[debug] [2023-02-03T01:48:51.686Z] <<< [apiv2][status] GET https://firebase.googleapis.com/v1beta1/projects/agencia-ad 200
[debug] [2023-02-03T01:48:51.686Z] <<< [apiv2][body] GET https://firebase.googleapis.com/v1beta1/projects/agencia-ad {"projectId":"agencia-ad","projectNumber":"763131325249","displayName":"Agencia Ad","name":"projects/agencia-ad","resources":{"hostingSite":"agencia-ad"},"state":"ACTIVE","etag":"1_2b2bad8c-84d4-4862-ad3f-8cd60e6d043f"}
[info] i  Using project agencia-ad (Agencia Ad) 
[info] 
=== Hosting Setup
[info] 
[info] Your public directory is the folder (relative to your project directory) that
[info] will contain Hosting assets to be uploaded with firebase deploy. If you
[info] have a build process for your assets, use your build's output directory.
[info] 
